2020-08-24-00-16 [Thread-3] [org.springframework.scheduling.concurrent.ThreadPoolTaskExecutor] [INFO] - Shutting down ExecutorService 'applicationTaskExecutor'
  2020-08-24-00-16 [Thread-3] [org.springframework.orm.jpa.LocalContainerEntityManagerFactoryBean] [INFO] - Closing JPA EntityManagerFactory for persistence unit 'default'
  2020-08-24-00-16 [Thread-3] [com.zaxxer.hikari.HikariDataSource] [INFO] - HikariPool-1 - Shutdown initiated...
  2020-08-24-00-16 [Thread-3] [com.zaxxer.hikari.HikariDataSource] [INFO] - HikariPool-1 - Shutdown completed.
  2020-08-24-22-50 [background-preinit] [org.hibernate.validator.internal.util.Version] [INFO] - HV000001: Hibernate Validator 6.0.13.Final
  2020-08-24-22-50 [main] [com.zty.robot.RobotTestApplication] [INFO] - Starting RobotTestApplication on LAPTOP-LVNGLO8E with PID 820 (E:\ceshixiangmu\dlrobot\target\classes started by liuji in E:\ceshixiangmu\dlrobot)
  2020-08-24-22-50 [main] [com.zty.robot.RobotTestApplication] [INFO] - No active profile set, falling back to default profiles: default
  2020-08-24-22-50 [main] [org.springframework.data.repository.config.RepositoryConfigurationDelegate] [INFO] - Bootstrapping Spring Data repositories in DEFAULT mode.
  2020-08-24-22-50 [main] [org.springframework.data.repository.config.RepositoryConfigurationDelegate] [INFO] - Finished Spring Data repository scanning in 999ms. Found 2 repository interfaces.
  2020-08-24-22-50 [main] [org.springframework.context.support.PostProcessorRegistrationDelegate$BeanPostProcessorChecker] [INFO] - Bean 'org.springframework.transaction.annotation.ProxyTransactionManagementConfiguration' of type [org.springframework.transaction.annotation.ProxyTransactionManagementConfiguration$$EnhancerBySpringCGLIB$$6f141d2a] is not eligible for getting processed by all BeanPostProcessors (for example: not eligible for auto-proxying)
  2020-08-24-22-50 [main] [org.springframework.boot.web.embedded.tomcat.TomcatWebServer] [INFO] - Tomcat initialized with port(s): 8081 (http)
  2020-08-24-22-50 [main] [org.springframework.web.context.ContextLoader] [INFO] - Root WebApplicationContext: initialization completed in 10578 ms
  2020-08-24-22-50 [main] [com.zaxxer.hikari.HikariDataSource] [INFO] - HikariPool-1 - Starting...
  2020-08-24-22-50 [main] [com.zaxxer.hikari.HikariDataSource] [INFO] - HikariPool-1 - Start completed.
  2020-08-24-22-50 [main] [org.hibernate.jpa.internal.util.LogHelper] [INFO] - HHH000204: Processing PersistenceUnitInfo [
	name: default
	...]
  2020-08-24-22-50 [main] [org.hibernate.Version] [INFO] - HHH000412: Hibernate Core {5.3.7.Final}
  2020-08-24-22-50 [main] [org.hibernate.cfg.Environment] [INFO] - HHH000206: hibernate.properties not found
  2020-08-24-22-50 [main] [org.hibernate.annotations.common.Version] [INFO] - HCANN000001: Hibernate Commons Annotations {5.0.4.Final}
  2020-08-24-22-50 [main] [org.hibernate.dialect.Dialect] [INFO] - HHH000400: Using dialect: org.hibernate.dialect.MySQL5InnoDBDialect
  2020-08-24-22-50 [main] [org.springframework.orm.jpa.LocalContainerEntityManagerFactoryBean] [INFO] - Initialized JPA EntityManagerFactory for persistence unit 'default'
  2020-08-24-22-50 [main] [org.springframework.scheduling.concurrent.ThreadPoolTaskExecutor] [INFO] - Initializing ExecutorService 'applicationTaskExecutor'
  2020-08-24-22-50 [main] [org.springframework.boot.autoconfigure.orm.jpa.JpaBaseConfiguration$JpaWebConfiguration$JpaWebMvcConfiguration] [WARN] - spring.jpa.open-in-view is enabled by default. Therefore, database queries may be performed during view rendering. Explicitly configure spring.jpa.open-in-view to disable this warning
  2020-08-24-22-50 [main] [org.springframework.boot.web.embedded.tomcat.TomcatWebServer] [INFO] - Tomcat started on port(s): 8081 (http) with context path ''
  2020-08-24-22-50 [main] [com.zty.robot.RobotTestApplication] [INFO] - Started RobotTestApplication in 25.856 seconds (JVM running for 29.491)
  2020-08-24-22-53 [http-nio-8081-exec-1] [org.springframework.web.servlet.DispatcherServlet] [INFO] - Initializing Servlet 'dispatcherServlet'
  2020-08-24-22-53 [http-nio-8081-exec-1] [org.springframework.web.servlet.DispatcherServlet] [INFO] - Completed initialization in 39 ms
  2020-08-24-22-56 [http-nio-8081-exec-8] [com.baidu.aip.client.BaseClient] [INFO] - get access_token success. current state: STATE_AIP_AUTH_OK
  2020-08-24-22-57 [http-nio-8081-exec-6] [com.baidu.aip.client.BaseClient] [INFO] - get access_token success. current state: STATE_AIP_AUTH_OK
  2020-08-24-22-57 [http-nio-8081-exec-9] [com.baidu.aip.client.BaseClient] [INFO] - get access_token success. current state: STATE_AIP_AUTH_OK
  2020-08-24-22-57 [http-nio-8081-exec-9] [com.baidu.aip.client.BaseClient] [INFO] - get access_token success. current state: STATE_AIP_AUTH_OK
  